Removed Pin From Net: NetName=PGND Pin=D4-1
Removed Pin From Net: NetName=PGND Pin=K1-5
Removed Pin From Net: NetName=SOLENOID Pin=Q1-2
Removed Pin From Net: NetName=+24V Pin=Q1-4
Removed Pin From Net: NetName=+3V3 Pin=R10-2
Change Component Footprint: Designator=Q1 Old Footprint=FP-PC817X4NIP0F-MFG New Footprint=ONSC-SOT-23-3-318-08_V
Change Component Comment : Designator=Q1 Old Comment=PC817X4NIP0F New Comment=MMBT2222ALT1G
Change Component Designator: OldDesignator=+3v3 NewDesignator=D1
Change Component Designator: OldDesignator=+5v NewDesignator=D2
Change Component Designator: OldDesignator=+24v NewDesignator=D3
Change Managed Component Library Link : Designator=Q1 Old VaultGUID=B7D15EC3-160A-466F-A46C-7801FE6295A7 New VaultGUID=B7D15EC3-160A-466F-A46C-7801FE6295A7 Old ItemGUID=D099992B-3428-490B-A7C4-7E8C54865C0B New ItemGUID=40C09A59-77A4-4B72-B19F-886B5AE85A2B Old RevisionGUID=C22BCB73-78AA-489D-96BE-B5B5371D99D5 New RevisionGUID=16429830-E484-44A5-B3B8-4DA42E244658
Change component parameters: Designator = "Q1" ("Q1"); Footprint = "FP-PC817X4NIP0F-MFG"; UniqueID = "\VFNJSJFS" ("\VFNJSJFS")
Change component parameters (AddParameter): Name = "ComponentLink1Description"; Value = "Manufacturer URL"; VariantName = "[No Variations]"
Change component parameters (AddParameter): Name = "ComponentLink1URL"; Value = "http://www.onsemi.com/"; VariantName = "[No Variations]"
Change component parameters (AddParameter): Name = "ComponentLink2Description"; Value = "Datasheet"; VariantName = "[No Variations]"
Change component parameters (AddParameter): Name = "ComponentLink2URL"; Value = "http://www.onsemi.cn/pub_link/Collateral/MMBT2222LT1-D.PDF"; VariantName = "[No Variations]"
Change component parameters (AddParameter): Name = "ComponentLink3Description"; Value = "Package Specification"; VariantName = "[No Variations]"
Change component parameters (AddParameter): Name = "ComponentLink3URL"; Value = "http://www.onsemi.cn/pub_link/Collateral/318-08.PDF"; VariantName = "[No Variations]"
Change component parameters (AddParameter): Name = "DatasheetVersion"; Value = "Rev. 10"; VariantName = "[No Variations]"
Change component parameters (AddParameter): Name = "fT Min (MHz)"; Value = "300"; VariantName = "[No Variations]"
Change component parameters (AddParameter): Name = "IC Continuous (A)"; Value = "0.6"; VariantName = "[No Variations]"
Change component parameters (AddParameter): Name = "Manufacturer"; Value = "On Semiconductor"; VariantName = "[No Variations]"
Change component parameters (AddParameter): Name = "Mounting Technology"; Value = "Surface Mount"; VariantName = "[No Variations]"
Change component parameters (AddParameter): Name = "PackageDescription"; Value = "3-Pin Small Outline Transistor, Body 2.92 x 1.3 mm, Pitch 0.95 mm"; VariantName = "[No Variations]"
Change component parameters (AddParameter): Name = "PackageReference"; Value = "SOT-23-3-318-08"; VariantName = "[No Variations]"
Change component parameters (AddParameter): Name = "PackageVersion"; Value = "Rev. AP, 11/2009"; VariantName = "[No Variations]"
Change component parameters (AddParameter): Name = "Packing"; Value = "Tape and Reel"; VariantName = "[No Variations]"
Change component parameters (AddParameter): Name = "PartNumber"; Value = "MMBT2222ALT1G"; VariantName = "[No Variations]"
Change component parameters (AddParameter): Name = "Polarity"; Value = "NPN"; VariantName = "[No Variations]"
Change component parameters (AddParameter): Name = "RoHS"; Value = "TRUE"; VariantName = "[No Variations]"
Added Pin To Net: NetName=+5V Pin=D4-2
Added Pin To Net: NetName=+5V Pin=K1-2
Added Pin To Net: NetName=GND Pin=Q1-2
Added Pin To Net: NetName=SOLENOID Pin=R10-2
Added Pin To Net: NetName=NetD4_1 Pin=D4-1
Added Pin To Net: NetName=NetD4_1 Pin=K1-5
Added Pin To Net: NetName=NetD4_1 Pin=Q1-3
Added Net: Name=NetD4_1
Added Room: Name=v2.0_with_IO_Expander
