Removed Pin From Net: NetName=NetJ3_1 Pin=J4-1
Removed Pin From Net: NetName=+5V Pin=J4-2
Removed Pin From Net: NetName=GND Pin=J4-3
Removed Pin From Net: NetName=NetJ5_1 Pin=J6-1
Removed Pin From Net: NetName=+5V Pin=J6-2
Removed Pin From Net: NetName=GND Pin=J6-3
Removed Pin From Net: NetName=NetJ7_1 Pin=J8-1
Removed Pin From Net: NetName=+5V Pin=J8-2
Removed Pin From Net: NetName=GND Pin=J8-3
Removed Pin From Net: NetName=NetJ9_1 Pin=J10-1
Removed Pin From Net: NetName=GND Pin=J10-2
Removed Pin From Net: NetName=+5V Pin=J10-3
Removed Member From Class: ClassName=v2.0_with_IO_Expander Member=J7
Removed Member From Class: ClassName=v2.0_with_IO_Expander Member=J8
Removed Member From Class: ClassName=v2.0_with_IO_Expander Member=J9
Removed Member From Class: ClassName=v2.0_with_IO_Expander Member=J10
Change Component Designator: OldDesignator=J5 NewDesignator=J4
Change Component Designator: OldDesignator=J7 NewDesignator=J5
Change Component Designator: OldDesignator=J9 NewDesignator=J6
Change Component Designator: OldDesignator=R1 NewDesignator=R2
Change Component Designator: OldDesignator=R2 NewDesignator=R3
Change Component Designator: OldDesignator=R3 NewDesignator=R4
Change Component Designator: OldDesignator=R4 NewDesignator=R5
Change Component Designator: OldDesignator=R5 NewDesignator=R6
Change Component Designator: OldDesignator=R6 NewDesignator=R1
Change Net Name : Old Net Name=NetJ5_1 New Net Name=NetJ4_1
Change Net Name : Old Net Name=NetJ7_1 New Net Name=NetJ5_1
Change Net Name : Old Net Name=NetJ9_1 New Net Name=NetJ6_1
Change Net Name : Old Net Name=NetR6_1 New Net Name=NetR1_1
Added Room: Name=v2.0_with_IO_Expander
